No valid API key has been set, notifications will not be sent
Not notifying due to an invalid api_key
[dotenv] Set [36mSECRET_KEY_BASE[0m, [36mDATABASE_HOST[0m, [36mDATABASE_PORT[0m, [36mDATABASE_NAME[0m, [36mDATABASE_USERNAME[0m, [36mDATABASE_PASSWORD[0m, [36mBUGSNAG_API_KEY[0m, [36mFLIPPER_USERNAME[0m, and [36mFLIPPER_PASSWORD[0m
[dotenv] Loaded [33m.env[0m
No valid API key has been set, notifications will not be sent
Not notifying due to an invalid api_key
[dotenv] Set [36mSECRET_KEY_BASE[0m, [36mDATABASE_HOST[0m, [36mDATABASE_PORT[0m, [36mDATABASE_NAME[0m, [36mDATABASE_USERNAME[0m, [36mDATABASE_PASSWORD[0m, [36mBUGSNAG_API_KEY[0m, [36mFLIPPER_USERNAME[0m, and [36mFLIPPER_PASSWORD[0m
[dotenv] Loaded [33m.env[0m
No valid API key has been set, notifications will not be sent
Not notifying due to an invalid api_key
[dotenv] Set [36mSECRET_KEY_BASE[0m, [36mDATABASE_HOST[0m, [36mDATABASE_PORT[0m, [36mDATABASE_NAME[0m, [36mDATABASE_USERNAME[0m, [36mDATABASE_PASSWORD[0m, [36mBUGSNAG_API_KEY[0m, [36mFLIPPER_USERNAME[0m, and [36mFLIPPER_PASSWORD[0m
[dotenv] Loaded [33m.env[0m
No valid API key has been set, notifications will not be sent
Not notifying due to an invalid api_key
[dotenv] Set [36mSECRET_KEY_BASE[0m, [36mDATABASE_HOST[0m, [36mDATABASE_PORT[0m, [36mDATABASE_NAME[0m, [36mDATABASE_USERNAME[0m, [36mDATABASE_PASSWORD[0m, [36mBUGSNAG_API_KEY[0m, [36mFLIPPER_USERNAME[0m, and [36mFLIPPER_PASSWORD[0m
[dotenv] Loaded [33m.env[0m
No valid API key has been set, notifications will not be sent
Started GET "/" for ::1 at 2026-03-08 15:25:13 +0100
Not notifying due to an invalid api_key

ActiveRecord::ConnectionNotEstablished - connection to server at "::1", port 5432 failed: fe_sendauth: no password supplied:

Started POST "/__better_errors/24a69d1b7934df86/variables" for ::1 at 2026-03-08 15:25:13 +0100
Not delivering sessions due to an invalid api_key
[dotenv] Set [36mSECRET_KEY_BASE[0m, [36mDATABASE_HOST[0m, [36mDATABASE_PORT[0m, [36mDATABASE_NAME[0m, [36mDATABASE_USERNAME[0m, [36mDATABASE_PASSWORD[0m, [36mBUGSNAG_API_KEY[0m, [36mFLIPPER_USERNAME[0m, and [36mFLIPPER_PASSWORD[0m
[dotenv] Loaded [33m.env[0m
No valid API key has been set, notifications will not be sent
  [1m[35m (248.8ms)[0m  [1m[35mCREATE DATABASE "library_development" ENCODING = 'unicode' /*application='Library'*/[0m
Not notifying due to an invalid api_key
Not notifying due to an invalid api_key
[dotenv] Set [36mSECRET_KEY_BASE[0m, [36mDATABASE_HOST[0m, [36mDATABASE_PORT[0m, [36mDATABASE_NAME[0m, [36mDATABASE_USERNAME[0m, [36mDATABASE_PASSWORD[0m, [36mBUGSNAG_API_KEY[0m, [36mFLIPPER_USERNAME[0m, and [36mFLIPPER_PASSWORD[0m
[dotenv] Loaded [33m.env[0m
No valid API key has been set, notifications will not be sent
  [1m[35m (267.1ms)[0m  [1m[35mCREATE DATABASE "library_development" ENCODING = 'unicode' /*application='Library'*/[0m
Not notifying due to an invalid api_key
Not notifying due to an invalid api_key
[dotenv] Set [36mSECRET_KEY_BASE[0m, [36mDATABASE_HOST[0m, [36mDATABASE_PORT[0m, [36mDATABASE_NAME[0m, [36mDATABASE_USERNAME[0m, [36mDATABASE_PASSWORD[0m, [36mBUGSNAG_API_KEY[0m, [36mFLIPPER_USERNAME[0m, and [36mFLIPPER_PASSWORD[0m
[dotenv] Loaded [33m.env[0m
No valid API key has been set, notifications will not be sent
  [1m[35m (301.8ms)[0m  [1m[35mCREATE DATABASE "library_development" ENCODING = 'unicode' /*application='Library'*/[0m
Not notifying due to an invalid api_key
Not notifying due to an invalid api_key
[dotenv] Set [36mSECRET_KEY_BASE[0m, [36mDATABASE_HOST[0m, [36mDATABASE_PORT[0m, [36mDATABASE_NAME[0m, [36mDATABASE_USERNAME[0m, [36mDATABASE_PASSWORD[0m, [36mBUGSNAG_API_KEY[0m, [36mFLIPPER_USERNAME[0m, and [36mFLIPPER_PASSWORD[0m
[dotenv] Loaded [33m.env[0m
No valid API key has been set, notifications will not be sent
Started GET "/" for ::1 at 2026-03-08 15:29:34 +0100
Not notifying due to an invalid api_key

ActiveRecord::DatabaseConnectionError - There is an issue connecting to your database with your username/password, username: postgres.
Please check your database configuration to ensure the username/password are valid.:

Started POST "/__better_errors/a943a9bcb065bc3b/variables" for ::1 at 2026-03-08 15:29:34 +0100
Not delivering sessions due to an invalid api_key
[dotenv] Set [36mSECRET_KEY_BASE[0m, [36mDATABASE_HOST[0m, [36mDATABASE_PORT[0m, [36mDATABASE_NAME[0m, [36mDATABASE_USERNAME[0m, [36mDATABASE_PASSWORD[0m, [36mBUGSNAG_API_KEY[0m, [36mFLIPPER_USERNAME[0m, and [36mFLIPPER_PASSWORD[0m
[dotenv] Loaded [33m.env[0m
No valid API key has been set, notifications will not be sent
Not notifying due to an invalid api_key
Not notifying due to an invalid api_key
[dotenv] Set [36mSECRET_KEY_BASE[0m, [36mDATABASE_HOST[0m, [36mDATABASE_PORT[0m, [36mDATABASE_NAME[0m, [36mDATABASE_USERNAME[0m, [36mDATABASE_PASSWORD[0m, [36mBUGSNAG_API_KEY[0m, [36mFLIPPER_USERNAME[0m, and [36mFLIPPER_PASSWORD[0m
[dotenv] Loaded [33m.env[0m
No valid API key has been set, notifications will not be sent
  [1m[35m (287.2ms)[0m  [1m[35mCREATE DATABASE "library_development" ENCODING = 'unicode' /*application='Library'*/[0m
Not notifying due to an invalid api_key
Not notifying due to an invalid api_key
[dotenv] Set [36mSECRET_KEY_BASE[0m, [36mDATABASE_HOST[0m, [36mDATABASE_PORT[0m, [36mDATABASE_NAME[0m, [36mDATABASE_USERNAME[0m, [36mDATABASE_PASSWORD[0m, [36mBUGSNAG_API_KEY[0m, [36mFLIPPER_USERNAME[0m, and [36mFLIPPER_PASSWORD[0m
[dotenv] Loaded [33m.env[0m
No valid API key has been set, notifications will not be sent
Started GET "/" for 127.0.0.1 at 2026-03-08 15:35:42 +0100
Not notifying due to an invalid api_key

ActiveRecord::DatabaseConnectionError - There is an issue connecting to your database with your username/password, username: postgres.
Please check your database configuration to ensure the username/password are valid.:

Started POST "/__better_errors/5e15a310fe3adc1c/variables" for 127.0.0.1 at 2026-03-08 15:35:42 +0100
Not delivering sessions due to an invalid api_key
[dotenv] Set [36mSECRET_KEY_BASE[0m, [36mDATABASE_HOST[0m, [36mDATABASE_PORT[0m, [36mDATABASE_NAME[0m, [36mDATABASE_USERNAME[0m, [36mDATABASE_PASSWORD[0m, [36mBUGSNAG_API_KEY[0m, [36mFLIPPER_USERNAME[0m, and [36mFLIPPER_PASSWORD[0m
[dotenv] Loaded [33m.env[0m
No valid API key has been set, notifications will not be sent
[dotenv] Set [36mSECRET_KEY_BASE[0m, [36mDATABASE_HOST[0m, [36mDATABASE_PORT[0m, [36mDATABASE_NAME[0m, [36mDATABASE_USERNAME[0m, [36mDATABASE_PASSWORD[0m, [36mBUGSNAG_API_KEY[0m, [36mFLIPPER_USERNAME[0m, and [36mFLIPPER_PASSWORD[0m
[dotenv] Loaded [33m.env[0m
No valid API key has been set, notifications will not be sent
  [1m[35mSQL (1.0ms)[0m  [1m[35mSET search_path TO public /*application='Library'*/[0m
  [1m[35m (398.4ms)[0m  [1m[35mCREATE DATABASE "library_development" ENCODING = 'unicode' /*application='Library'*/[0m
Not notifying due to an invalid api_key
Not notifying due to an invalid api_key
[dotenv] Set [36mSECRET_KEY_BASE[0m, [36mDATABASE_HOST[0m, [36mDATABASE_PORT[0m, [36mDATABASE_NAME[0m, [36mDATABASE_USERNAME[0m, [36mDATABASE_PASSWORD[0m, [36mBUGSNAG_API_KEY[0m, [36mFLIPPER_USERNAME[0m, and [36mFLIPPER_PASSWORD[0m
[dotenv] Loaded [33m.env[0m
No valid API key has been set, notifications will not be sent
  [1m[35mSQL (0.1ms)[0m  [1m[35mSET search_path TO public /*application='Library'*/[0m
  [1m[35m (121.4ms)[0m  [1m[35mCREATE DATABASE "library_development" ENCODING = 'unicode' LC_COLLATE = 'en_US.UTF-8' LC_CTYPE = 'en_US.UTF-8' /*application='Library'*/[0m
Not notifying due to an invalid api_key
Not notifying due to an invalid api_key
[dotenv] Set [36mSECRET_KEY_BASE[0m, [36mDATABASE_HOST[0m, [36mDATABASE_PORT[0m, [36mDATABASE_NAME[0m, [36mDATABASE_USERNAME[0m, [36mDATABASE_PASSWORD[0m, [36mBUGSNAG_API_KEY[0m, [36mFLIPPER_USERNAME[0m, and [36mFLIPPER_PASSWORD[0m
[dotenv] Loaded [33m.env[0m
No valid API key has been set, notifications will not be sent
  [1m[35mSQL (0.1ms)[0m  [1m[35mSET search_path TO public /*application='Library'*/[0m
  [1m[35m (112.2ms)[0m  [1m[35mCREATE DATABASE "library_development" ENCODING = 'unicode' LC_COLLATE = 'en_US.UTF-8' LC_CTYPE = 'en_US.UTF-8' /*application='Library'*/[0m
Not notifying due to an invalid api_key
Not notifying due to an invalid api_key
[dotenv] Set [36mSECRET_KEY_BASE[0m, [36mDATABASE_HOST[0m, [36mDATABASE_PORT[0m, [36mDATABASE_NAME[0m, [36mDATABASE_USERNAME[0m, [36mDATABASE_PASSWORD[0m, [36mBUGSNAG_API_KEY[0m, [36mFLIPPER_USERNAME[0m, and [36mFLIPPER_PASSWORD[0m
[dotenv] Loaded [33m.env[0m
No valid API key has been set, notifications will not be sent
  [1m[35mSQL (0.2ms)[0m  [1m[35mSET search_path TO public /*application='Library'*/[0m
  [1m[35m (270.9ms)[0m  [1m[35mCREATE DATABASE "library_development" ENCODING = 'unicode' LC_COLLATE = 'en_US.UTF-8' LC_CTYPE = 'en_US.UTF-8' TEMPLATE = "template0" /*application='Library'*/[0m
  [1m[35mSQL (0.1ms)[0m  [1m[35mSET search_path TO public /*application='Library'*/[0m
  [1m[35m (117.4ms)[0m  [1m[35mCREATE DATABASE "library_test" ENCODING = 'unicode' LC_COLLATE = 'en_US.UTF-8' LC_CTYPE = 'en_US.UTF-8' TEMPLATE = "template0" /*application='Library'*/[0m
[dotenv] Set [36mSECRET_KEY_BASE[0m, [36mDATABASE_HOST[0m, [36mDATABASE_PORT[0m, [36mDATABASE_NAME[0m, [36mDATABASE_USERNAME[0m, [36mDATABASE_PASSWORD[0m, [36mBUGSNAG_API_KEY[0m, [36mFLIPPER_USERNAME[0m, and [36mFLIPPER_PASSWORD[0m
[dotenv] Loaded [33m.env[0m
No valid API key has been set, notifications will not be sent
Started GET "/" for ::1 at 2026-03-08 15:39:45 +0100
  [1m[35m (12.8ms)[0m  [1m[35mCREATE TABLE "schema_migrations" ("version" character varying NOT NULL PRIMARY KEY) /*application='Library'*/[0m
  [1m[35m (3.9ms)[0m  [1m[35mCREATE TABLE "ar_internal_metadata" ("key" character varying NOT NULL PRIMARY KEY, "value" character varying, "created_at" timestamp(6) NOT NULL, "updated_at" timestamp(6) NOT NULL) /*application='Library'*/[0m
  [1m[36mActiveRecord::SchemaMigration Load (1.6ms)[0m  [1m[34mSELECT "schema_migrations"."version" FROM "schema_migrations" ORDER BY "schema_migrations"."version" ASC /*application='Library'*/[0m
Not notifying due to an invalid api_key

ActiveRecord::PendingMigrationError - Migrations are pending. To resolve this issue, run:
        bin/rails db:migrate
You have 10 pending migrations:
db/migrate/20250829073735_create_authors.rb
db/migrate/20250829073807_create_books.rb
db/migrate/20250903071543_devise_create_users.rb
db/migrate/20250904063659_add_role_to_user.rb
db/migrate/20250905100152_create_shelf.rb
db/migrate/20250905115448_create_book_shelves.rb
db/migrate/20250916204326_enable_citex.rb
db/migrate/20250916204436_create_genre.rb
db/migrate/20250916204600_create_book_genres.rb
db/migrate/20250918070547_create_ratings.rb:

Started POST "/__better_errors/857072a69c7a6344/variables" for ::1 at 2026-03-08 15:39:45 +0100
[dotenv] Set [36mSECRET_KEY_BASE[0m, [36mDATABASE_HOST[0m, [36mDATABASE_PORT[0m, [36mDATABASE_NAME[0m, [36mDATABASE_USERNAME[0m, [36mDATABASE_PASSWORD[0m, [36mBUGSNAG_API_KEY[0m, [36mFLIPPER_USERNAME[0m, and [36mFLIPPER_PASSWORD[0m
[dotenv] Loaded [33m.env[0m
No valid API key has been set, notifications will not be sent
  [1m[35m (0.2ms)[0m  [1m[34mSELECT pg_try_advisory_lock(5288427128707212630) /*application='Library'*/[0m
  [1m[36mActiveRecord::SchemaMigration Load (0.9ms)[0m  [1m[34mSELECT "schema_migrations"."version" FROM "schema_migrations" ORDER BY "schema_migrations"."version" ASC /*application='Library'*/[0m
  [1m[36mActiveRecord::InternalMetadata Load (1.0ms)[0m  [1m[34mSELECT * FROM "ar_internal_metadata" WHERE "ar_internal_metadata"."key" = 'environment' ORDER BY "ar_internal_metadata"."key" ASC LIMIT 1 /*application='Library'*/[0m
  [1m[36mActiveRecord::InternalMetadata Create (1.5ms)[0m  [1m[32mINSERT INTO "ar_internal_metadata" ("key", "value", "created_at", "updated_at") VALUES ('environment', 'development', '2026-03-08 14:40:07.004814', '2026-03-08 14:40:07.004815') RETURNING "key" /*application='Library'*/[0m
Migrating to CreateAuthors (20250829073735)
  [1m[36mTRANSACTION (0.1ms)[0m  [1m[35mBEGIN /*application='Library'*/[0m
  [1m[35m (0.6ms)[0m  [1m[35mSHOW server_version_num /*application='Library'*/[0m
  [1m[35m (0.1ms)[0m  [1m[35mSET statement_timeout TO 3600000 /*application='Library'*/[0m
  [1m[35m (0.1ms)[0m  [1m[35mSET lock_timeout TO 10000 /*application='Library'*/[0m
  [1m[35m (10.0ms)[0m  [1m[35mCREATE TABLE "authors" ("id" bigserial primary key, "first_name" character varying NOT NULL, "last_name" character varying NOT NULL, "created_at" timestamp(6) NOT NULL, "updated_at" timestamp(6) NOT NULL) /*application='Library'*/[0m
  [1m[36mActiveRecord::SchemaMigration Create (0.4ms)[0m  [1m[32mINSERT INTO "schema_migrations" ("version") VALUES ('20250829073735') RETURNING "version" /*application='Library'*/[0m
  [1m[36mTRANSACTION (0.2ms)[0m  [1m[35mCOMMIT /*application='Library'*/[0m
Migrating to CreateBooks (20250829073807)
  [1m[36mTRANSACTION (0.2ms)[0m  [1m[35mBEGIN /*application='Library'*/[0m
  [1m[35m (0.6ms)[0m  [1m[35mSHOW server_version_num /*application='Library'*/[0m
  [1m[35m (0.1ms)[0m  [1m[35mSET statement_timeout TO 3600000 /*application='Library'*/[0m
  [1m[35m (0.1ms)[0m  [1m[35mSET lock_timeout TO 10000 /*application='Library'*/[0m
  [1m[35m (5.4ms)[0m  [1m[35mCREATE TABLE "books" ("id" bigserial primary key, "title" character varying NOT NULL, "number_of_copies" integer DEFAULT 0 NOT NULL, "author_id" bigint NOT NULL, "created_at" timestamp(6) NOT NULL, "updated_at" timestamp(6) NOT NULL, CONSTRAINT "fk_rails_53d51ce16a"
FOREIGN KEY ("author_id")
  REFERENCES "authors" ("id")
 ON DELETE CASCADE) /*application='Library'*/[0m
  [1m[35m (0.9ms)[0m  [1m[35mCREATE INDEX "index_books_on_author_id" ON "books" ("author_id") /*application='Library'*/[0m
  [1m[36mActiveRecord::SchemaMigration Create (0.2ms)[0m  [1m[32mINSERT INTO "schema_migrations" ("version") VALUES ('20250829073807') RETURNING "version" /*application='Library'*/[0m
  [1m[36mTRANSACTION (0.2ms)[0m  [1m[35mCOMMIT /*application='Library'*/[0m
Migrating to DeviseCreateUsers (20250903071543)
  [1m[36mTRANSACTION (0.2ms)[0m  [1m[35mBEGIN /*application='Library'*/[0m
  [1m[35m (0.7ms)[0m  [1m[35mSHOW server_version_num /*application='Library'*/[0m
  [1m[35m (0.1ms)[0m  [1m[35mSET statement_timeout TO 3600000 /*application='Library'*/[0m
  [1m[35m (0.1ms)[0m  [1m[35mSET lock_timeout TO 10000 /*application='Library'*/[0m
  [1m[35m (3.1ms)[0m  [1m[35mCREATE TABLE "users" ("id" bigserial primary key, "email" character varying DEFAULT '' NOT NULL, "encrypted_password" character varying DEFAULT '' NOT NULL, "created_at" timestamp(6) NOT NULL, "updated_at" timestamp(6) NOT NULL) /*application='Library'*/[0m
  [1m[35m (1.0ms)[0m  [1m[35mCREATE UNIQUE INDEX "index_users_on_email" ON "users" ("email") /*application='Library'*/[0m
  [1m[35m (1.2ms)[0m  [1m[35mANALYZE "users" /*application='Library'*/[0m
  [1m[36mActiveRecord::SchemaMigration Create (0.3ms)[0m  [1m[32mINSERT INTO "schema_migrations" ("version") VALUES ('20250903071543') RETURNING "version" /*application='Library'*/[0m
  [1m[36mTRANSACTION (0.6ms)[0m  [1m[35mCOMMIT /*application='Library'*/[0m
Migrating to AddRoleToUser (20250904063659)
  [1m[36mTRANSACTION (0.3ms)[0m  [1m[35mBEGIN /*application='Library'*/[0m
  [1m[35m (0.9ms)[0m  [1m[35mSHOW server_version_num /*application='Library'*/[0m
  [1m[35m (0.1ms)[0m  [1m[35mSET statement_timeout TO 3600000 /*application='Library'*/[0m
  [1m[35m (0.1ms)[0m  [1m[35mSET lock_timeout TO 10000 /*application='Library'*/[0m
  [1m[35m (0.8ms)[0m  [1m[35mALTER TABLE "users" ADD "role" character varying DEFAULT 'member' NOT NULL /*application='Library'*/[0m
  [1m[36mActiveRecord::SchemaMigration Create (0.2ms)[0m  [1m[32mINSERT INTO "schema_migrations" ("version") VALUES ('20250904063659') RETURNING "version" /*application='Library'*/[0m
  [1m[36mTRANSACTION (0.2ms)[0m  [1m[35mCOMMIT /*application='Library'*/[0m
Migrating to CreateShelf (20250905100152)
  [1m[36mTRANSACTION (0.1ms)[0m  [1m[35mBEGIN /*application='Library'*/[0m
  [1m[35m (0.6ms)[0m  [1m[35mSHOW server_version_num /*application='Library'*/[0m
  [1m[35m (0.1ms)[0m  [1m[35mSET statement_timeout TO 3600000 /*application='Library'*/[0m
  [1m[35m (0.1ms)[0m  [1m[35mSET lock_timeout TO 10000 /*application='Library'*/[0m
  [1m[35m (3.0ms)[0m  [1m[35mCREATE TABLE "shelves" ("id" bigserial primary key, "name" character varying, "visibility" character varying DEFAULT 'restricted' NOT NULL, "user_id" bigint NOT NULL, "created_at" timestamp(6) NOT NULL, "updated_at" timestamp(6) NOT NULL, CONSTRAINT "fk_rails_6b65d5b892"
FOREIGN KEY ("user_id")
  REFERENCES "users" ("id")
 ON DELETE CASCADE) /*application='Library'*/[0m
  [1m[35m (0.9ms)[0m  [1m[35mCREATE INDEX "index_shelves_on_user_id" ON "shelves" ("user_id") /*application='Library'*/[0m
  [1m[36mActiveRecord::SchemaMigration Create (0.3ms)[0m  [1m[32mINSERT INTO "schema_migrations" ("version") VALUES ('20250905100152') RETURNING "version" /*application='Library'*/[0m
  [1m[36mTRANSACTION (0.4ms)[0m  [1m[35mCOMMIT /*application='Library'*/[0m
Migrating to CreateBookShelves (20250905115448)
  [1m[36mTRANSACTION (0.3ms)[0m  [1m[35mBEGIN /*application='Library'*/[0m
  [1m[35m (0.7ms)[0m  [1m[35mSHOW server_version_num /*application='Library'*/[0m
  [1m[35m (0.1ms)[0m  [1m[35mSET statement_timeout TO 3600000 /*application='Library'*/[0m
  [1m[35m (0.1ms)[0m  [1m[35mSET lock_timeout TO 10000 /*application='Library'*/[0m
  [1m[35m (2.7ms)[0m  [1m[35mCREATE TABLE "book_shelves" ("id" bigserial primary key, "book_id" bigint NOT NULL, "shelf_id" bigint NOT NULL, "created_at" timestamp(6) NOT NULL, "updated_at" timestamp(6) NOT NULL, CONSTRAINT "fk_rails_cc5297610a"
FOREIGN KEY ("book_id")
  REFERENCES "books" ("id")
, CONSTRAINT "fk_rails_12d53ef160"
FOREIGN KEY ("shelf_id")
  REFERENCES "shelves" ("id")
) /*application='Library'*/[0m
  [1m[35m (0.5ms)[0m  [1m[35mCREATE INDEX "index_book_shelves_on_book_id" ON "book_shelves" ("book_id") /*application='Library'*/[0m
  [1m[35m (0.9ms)[0m  [1m[35mCREATE INDEX "index_book_shelves_on_shelf_id" ON "book_shelves" ("shelf_id") /*application='Library'*/[0m
  [1m[35m (1.0ms)[0m  [1m[35mCREATE UNIQUE INDEX "index_book_shelves_on_book_id_and_shelf_id" ON "book_shelves" ("book_id", "shelf_id") /*application='Library'*/[0m
  [1m[35m (0.5ms)[0m  [1m[35mANALYZE "book_shelves" /*application='Library'*/[0m
  [1m[36mActiveRecord::SchemaMigration Create (0.2ms)[0m  [1m[32mINSERT INTO "schema_migrations" ("version") VALUES ('20250905115448') RETURNING "version" /*application='Library'*/[0m
  [1m[36mTRANSACTION (0.3ms)[0m  [1m[35mCOMMIT /*application='Library'*/[0m
Migrating to EnableCitex (20250916204326)
  [1m[36mTRANSACTION (0.3ms)[0m  [1m[35mBEGIN /*application='Library'*/[0m
  [1m[35m (0.7ms)[0m  [1m[35mSHOW server_version_num /*application='Library'*/[0m
  [1m[35m (0.1ms)[0m  [1m[35mSET statement_timeout TO 3600000 /*application='Library'*/[0m
  [1m[35m (0.1ms)[0m  [1m[35mSET lock_timeout TO 10000 /*application='Library'*/[0m
  [1m[35mSQL (814.7ms)[0m  [1m[35mCREATE EXTENSION IF NOT EXISTS "citext" /*application='Library'*/[0m
  [1m[36mActiveRecord::SchemaMigration Create (0.6ms)[0m  [1m[32mINSERT INTO "schema_migrations" ("version") VALUES ('20250916204326') RETURNING "version" /*application='Library'*/[0m
  [1m[36mTRANSACTION (1.2ms)[0m  [1m[35mCOMMIT /*application='Library'*/[0m
Migrating to CreateGenre (20250916204436)
  [1m[36mTRANSACTION (0.5ms)[0m  [1m[35mBEGIN /*application='Library'*/[0m
  [1m[35m (2.4ms)[0m  [1m[35mSHOW server_version_num /*application='Library'*/[0m
  [1m[35m (0.3ms)[0m  [1m[35mSET statement_timeout TO 3600000 /*application='Library'*/[0m
  [1m[35m (0.2ms)[0m  [1m[35mSET lock_timeout TO 10000 /*application='Library'*/[0m
  [1m[35m (8.2ms)[0m  [1m[35mCREATE TABLE "genres" ("id" bigserial primary key, "name" citext NOT NULL, "created_at" timestamp(6) NOT NULL, "updated_at" timestamp(6) NOT NULL) /*application='Library'*/[0m
  [1m[35m (1.9ms)[0m  [1m[35mCREATE UNIQUE INDEX "index_genres_on_name" ON "genres" ("name") /*application='Library'*/[0m
  [1m[36mActiveRecord::SchemaMigration Create (0.3ms)[0m  [1m[32mINSERT INTO "schema_migrations" ("version") VALUES ('20250916204436') RETURNING "version" /*application='Library'*/[0m
  [1m[36mTRANSACTION (0.4ms)[0m  [1m[35mCOMMIT /*application='Library'*/[0m
Migrating to CreateBookGenres (20250916204600)
  [1m[36mTRANSACTION (0.4ms)[0m  [1m[35mBEGIN /*application='Library'*/[0m
  [1m[35m (1.7ms)[0m  [1m[35mSHOW server_version_num /*application='Library'*/[0m
  [1m[35m (0.3ms)[0m  [1m[35mSET statement_timeout TO 3600000 /*application='Library'*/[0m
  [1m[35m (0.3ms)[0m  [1m[35mSET lock_timeout TO 10000 /*application='Library'*/[0m
  [1m[35m (4.1ms)[0m  [1m[35mCREATE TABLE "book_genres" ("id" bigserial primary key, "book_id" bigint NOT NULL, "genre_id" bigint NOT NULL, "created_at" timestamp(6) NOT NULL, "updated_at" timestamp(6) NOT NULL, CONSTRAINT "fk_rails_4a117802d7"
FOREIGN KEY ("book_id")
  REFERENCES "books" ("id")
, CONSTRAINT "fk_rails_ac5841e6a0"
FOREIGN KEY ("genre_id")
  REFERENCES "genres" ("id")
) /*application='Library'*/[0m
  [1m[35m (0.9ms)[0m  [1m[35mCREATE INDEX "index_book_genres_on_book_id" ON "book_genres" ("book_id") /*application='Library'*/[0m
  [1m[35m (1.4ms)[0m  [1m[35mCREATE INDEX "index_book_genres_on_genre_id" ON "book_genres" ("genre_id") /*application='Library'*/[0m
  [1m[35m (1.4ms)[0m  [1m[35mCREATE UNIQUE INDEX "index_book_genres_on_book_id_and_genre_id" ON "book_genres" ("book_id", "genre_id") /*application='Library'*/[0m
  [1m[36mActiveRecord::SchemaMigration Create (0.3ms)[0m  [1m[32mINSERT INTO "schema_migrations" ("version") VALUES ('20250916204600') RETURNING "version" /*application='Library'*/[0m
  [1m[36mTRANSACTION (0.5ms)[0m  [1m[35mCOMMIT /*application='Library'*/[0m
Migrating to CreateRatings (20250918070547)
  [1m[36mTRANSACTION (0.3ms)[0m  [1m[35mBEGIN /*application='Library'*/[0m
  [1m[35m (1.1ms)[0m  [1m[35mSHOW server_version_num /*application='Library'*/[0m
  [1m[35m (0.2ms)[0m  [1m[35mSET statement_timeout TO 3600000 /*application='Library'*/[0m
  [1m[35m (0.2ms)[0m  [1m[35mSET lock_timeout TO 10000 /*application='Library'*/[0m
  [1m[35m (4.5ms)[0m  [1m[35mCREATE TABLE "ratings" ("id" bigserial primary key, "user_id" bigint, "book_id" bigint NOT NULL, "score" integer NOT NULL, "created_at" timestamp(6) NOT NULL, "updated_at" timestamp(6) NOT NULL, CONSTRAINT "fk_rails_a7dfeb9f5f"
FOREIGN KEY ("user_id")
  REFERENCES "users" ("id")
 ON DELETE SET NULL, CONSTRAINT "fk_rails_99afded93e"
FOREIGN KEY ("book_id")
  REFERENCES "books" ("id")
, CONSTRAINT score_between_1_and_10 CHECK (score BETWEEN 1 AND 10)) /*application='Library'*/[0m
  [1m[35m (1.1ms)[0m  [1m[35mCREATE INDEX "index_ratings_on_user_id" ON "ratings" ("user_id") /*application='Library'*/[0m
  [1m[35m (0.7ms)[0m  [1m[35mCREATE INDEX "index_ratings_on_book_id" ON "ratings" ("book_id") /*application='Library'*/[0m
  [1m[35m (1.6ms)[0m  [1m[35mCREATE UNIQUE INDEX "index_ratings_on_book_id_and_user_id" ON "ratings" ("book_id", "user_id") /*application='Library'*/[0m
  [1m[36mActiveRecord::SchemaMigration Create (0.2ms)[0m  [1m[32mINSERT INTO "schema_migrations" ("version") VALUES ('20250918070547') RETURNING "version" /*application='Library'*/[0m
  [1m[36mTRANSACTION (0.4ms)[0m  [1m[35mCOMMIT /*application='Library'*/[0m
  [1m[35m (0.4ms)[0m  [1m[34mSELECT pg_advisory_unlock(5288427128707212630) /*application='Library'*/[0m
  [1m[36mActiveRecord::SchemaMigration Load (0.4ms)[0m  [1m[34mSELECT "schema_migrations"."version" FROM "schema_migrations" ORDER BY "schema_migrations"."version" ASC /*application='Library'*/[0m
[dotenv] Set [36mSECRET_KEY_BASE[0m, [36mDATABASE_HOST[0m, [36mDATABASE_PORT[0m, [36mDATABASE_NAME[0m, [36mDATABASE_USERNAME[0m, [36mDATABASE_PASSWORD[0m, [36mBUGSNAG_API_KEY[0m, [36mFLIPPER_USERNAME[0m, and [36mFLIPPER_PASSWORD[0m
[dotenv] Loaded [33m.env[0m
No valid API key has been set, notifications will not be sent
Started GET "/" for ::1 at 2026-03-08 15:40:13 +0100
  [1m[36mActiveRecord::SchemaMigration Load (1.2ms)[0m  [1m[34mSELECT "schema_migrations"."version" FROM "schema_migrations" ORDER BY "schema_migrations"."version" ASC /*application='Library'*/[0m
Processing by Rails::WelcomeController#index as HTML
  Rendering /Users/lorenajakic/.local/share/mise/installs/ruby/3.4.5/lib/ruby/gems/3.4.0/gems/railties-8.0.2.1/lib/rails/templates/rails/welcome/index.html.erb
  Rendered /Users/lorenajakic/.local/share/mise/installs/ruby/3.4.5/lib/ruby/gems/3.4.0/gems/railties-8.0.2.1/lib/rails/templates/rails/welcome/index.html.erb (Duration: 0.3ms | GC: 0.0ms)
Completed 200 OK in 99ms (Views: 3.0ms | ActiveRecord: 0.0ms (0 queries, 0 cached) | GC: 20.6ms)


[dotenv] Set [36mSECRET_KEY_BASE[0m, [36mDATABASE_HOST[0m, [36mDATABASE_PORT[0m, [36mDATABASE_NAME[0m, [36mDATABASE_USERNAME[0m, [36mDATABASE_PASSWORD[0m, [36mBUGSNAG_API_KEY[0m, [36mFLIPPER_USERNAME[0m, and [36mFLIPPER_PASSWORD[0m
[dotenv] Loaded [33m.env[0m
No valid API key has been set, notifications will not be sent
Started GET "/" for ::1 at 2026-03-08 15:42:17 +0100
Not notifying due to an invalid api_key

ActiveRecord::NoDatabaseError - We could not find your database: development. Available database configurations can be found in config/database.yml.
To resolve this error:
- Did you not create the database, or did you delete it? To create the database, run:
    bin/rails db:create
- Has the database name changed? Verify that config/database.yml contains the correct database name.:

Started POST "/__better_errors/22cd760353b972ca/variables" for ::1 at 2026-03-08 15:42:17 +0100
[dotenv] Set [36mSECRET_KEY_BASE[0m, [36mDATABASE_HOST[0m, [36mDATABASE_PORT[0m, [36mDATABASE_NAME[0m, [36mDATABASE_USERNAME[0m, [36mDATABASE_PASSWORD[0m, [36mBUGSNAG_API_KEY[0m, [36mFLIPPER_USERNAME[0m, and [36mFLIPPER_PASSWORD[0m
[dotenv] Loaded [33m.env[0m
No valid API key has been set, notifications will not be sent
  [1m[35mSQL (0.2ms)[0m  [1m[35mSET search_path TO public /*application='Library'*/[0m
  [1m[35m (52.8ms)[0m  [1m[35mDROP DATABASE IF EXISTS "development" /*application='Library'*/[0m
  [1m[35mSQL (0.1ms)[0m  [1m[35mSET search_path TO public /*application='Library'*/[0m
  [1m[35m (165.7ms)[0m  [1m[35mDROP DATABASE IF EXISTS "test" /*application='Library'*/[0m
[dotenv] Set [36mSECRET_KEY_BASE[0m, [36mDATABASE_HOST[0m, [36mDATABASE_PORT[0m, [36mDATABASE_NAME[0m, [36mDATABASE_USERNAME[0m, [36mDATABASE_PASSWORD[0m, [36mBUGSNAG_API_KEY[0m, [36mFLIPPER_USERNAME[0m, and [36mFLIPPER_PASSWORD[0m
[dotenv] Loaded [33m.env[0m
No valid API key has been set, notifications will not be sent
  [1m[35mSQL (0.1ms)[0m  [1m[35mSET search_path TO public /*application='Library'*/[0m
  [1m[35m (184.5ms)[0m  [1m[35mCREATE DATABASE "development" ENCODING = 'unicode' LC_COLLATE = 'en_US.UTF-8' LC_CTYPE = 'en_US.UTF-8' TEMPLATE = "template0" /*application='Library'*/[0m
  [1m[35mSQL (0.1ms)[0m  [1m[35mSET search_path TO public /*application='Library'*/[0m
  [1m[35m (122.2ms)[0m  [1m[35mCREATE DATABASE "test" ENCODING = 'unicode' LC_COLLATE = 'en_US.UTF-8' LC_CTYPE = 'en_US.UTF-8' TEMPLATE = "template0" /*application='Library'*/[0m
  [1m[35mSQL (11.9ms)[0m  [1m[35mCREATE EXTENSION IF NOT EXISTS "citext" /*application='Library'*/[0m
  [1m[35mSQL (0.1ms)[0m  [1m[35mCREATE EXTENSION IF NOT EXISTS "plpgsql" SCHEMA pg_catalog /*application='Library'*/[0m
  [1m[35m (0.1ms)[0m  [1m[35mDROP TABLE IF EXISTS "authors" CASCADE /*application='Library'*/[0m
  [1m[35m (4.4ms)[0m  [1m[35mCREATE TABLE "authors" ("id" bigserial primary key, "first_name" character varying NOT NULL, "last_name" character varying NOT NULL, "created_at" timestamp(6) NOT NULL, "updated_at" timestamp(6) NOT NULL) /*application='Library'*/[0m
  [1m[35m (0.3ms)[0m  [1m[35mDROP TABLE IF EXISTS "book_genres" CASCADE /*application='Library'*/[0m
  [1m[35m (1.9ms)[0m  [1m[35mCREATE TABLE "book_genres" ("id" bigserial primary key, "book_id" bigint NOT NULL, "genre_id" bigint NOT NULL, "created_at" timestamp(6) NOT NULL, "updated_at" timestamp(6) NOT NULL) /*application='Library'*/[0m
  [1m[35m (1.2ms)[0m  [1m[35mCREATE UNIQUE INDEX "index_book_genres_on_book_id_and_genre_id" ON "book_genres" ("book_id", "genre_id") /*application='Library'*/[0m
  [1m[35m (1.0ms)[0m  [1m[35mCREATE INDEX "index_book_genres_on_book_id" ON "book_genres" ("book_id") /*application='Library'*/[0m
  [1m[35m (1.0ms)[0m  [1m[35mCREATE INDEX "index_book_genres_on_genre_id" ON "book_genres" ("genre_id") /*application='Library'*/[0m
  [1m[35m (0.2ms)[0m  [1m[35mDROP TABLE IF EXISTS "book_shelves" CASCADE /*application='Library'*/[0m
  [1m[35m (2.2ms)[0m  [1m[35mCREATE TABLE "book_shelves" ("id" bigserial primary key, "book_id" bigint NOT NULL, "shelf_id" bigint NOT NULL, "created_at" timestamp(6) NOT NULL, "updated_at" timestamp(6) NOT NULL) /*application='Library'*/[0m
  [1m[35m (1.0ms)[0m  [1m[35mCREATE UNIQUE INDEX "index_book_shelves_on_book_id_and_shelf_id" ON "book_shelves" ("book_id", "shelf_id") /*application='Library'*/[0m
  [1m[35m (1.1ms)[0m  [1m[35mCREATE INDEX "index_book_shelves_on_book_id" ON "book_shelves" ("book_id") /*application='Library'*/[0m
  [1m[35m (0.8ms)[0m  [1m[35mCREATE INDEX "index_book_shelves_on_shelf_id" ON "book_shelves" ("shelf_id") /*application='Library'*/[0m
  [1m[35m (0.1ms)[0m  [1m[35mDROP TABLE IF EXISTS "books" CASCADE /*application='Library'*/[0m
  [1m[35m (2.6ms)[0m  [1m[35mCREATE TABLE "books" ("id" bigserial primary key, "title" character varying NOT NULL, "number_of_copies" integer DEFAULT 0 NOT NULL, "author_id" bigint NOT NULL, "created_at" timestamp(6) NOT NULL, "updated_at" timestamp(6) NOT NULL) /*application='Library'*/[0m
  [1m[35m (1.2ms)[0m  [1m[35mCREATE INDEX "index_books_on_author_id" ON "books" ("author_id") /*application='Library'*/[0m
  [1m[35m (0.2ms)[0m  [1m[35mDROP TABLE IF EXISTS "genres" CASCADE /*application='Library'*/[0m
  [1m[35m (2.7ms)[0m  [1m[35mCREATE TABLE "genres" ("id" bigserial primary key, "name" citext NOT NULL, "created_at" timestamp(6) NOT NULL, "updated_at" timestamp(6) NOT NULL) /*application='Library'*/[0m
  [1m[35m (1.1ms)[0m  [1m[35mCREATE UNIQUE INDEX "index_genres_on_name" ON "genres" ("name") /*application='Library'*/[0m
  [1m[35m (0.1ms)[0m  [1m[35mDROP TABLE IF EXISTS "ratings" CASCADE /*application='Library'*/[0m
  [1m[35m (2.5ms)[0m  [1m[35mCREATE TABLE "ratings" ("id" bigserial primary key, "user_id" bigint, "book_id" bigint NOT NULL, "score" integer NOT NULL, "created_at" timestamp(6) NOT NULL, "updated_at" timestamp(6) NOT NULL, CONSTRAINT score_between_1_and_10 CHECK (score >= 1 AND score <= 10)) /*application='Library'*/[0m
  [1m[35m (1.1ms)[0m  [1m[35mCREATE UNIQUE INDEX "index_ratings_on_book_id_and_user_id" ON "ratings" ("book_id", "user_id") /*application='Library'*/[0m
  [1m[35m (0.9ms)[0m  [1m[35mCREATE INDEX "index_ratings_on_book_id" ON "ratings" ("book_id") /*application='Library'*/[0m
  [1m[35m (1.0ms)[0m  [1m[35mCREATE INDEX "index_ratings_on_user_id" ON "ratings" ("user_id") /*application='Library'*/[0m
  [1m[35m (0.2ms)[0m  [1m[35mDROP TABLE IF EXISTS "shelves" CASCADE /*application='Library'*/[0m
  [1m[35m (2.5ms)[0m  [1m[35mCREATE TABLE "shelves" ("id" bigserial primary key, "name" character varying, "visibility" character varying DEFAULT 'restricted' NOT NULL, "user_id" bigint NOT NULL, "created_at" timestamp(6) NOT NULL, "updated_at" timestamp(6) NOT NULL) /*application='Library'*/[0m
  [1m[35m (1.2ms)[0m  [1m[35mCREATE INDEX "index_shelves_on_user_id" ON "shelves" ("user_id") /*application='Library'*/[0m
  [1m[35m (0.2ms)[0m  [1m[35mDROP TABLE IF EXISTS "users" CASCADE /*application='Library'*/[0m
  [1m[35m (2.8ms)[0m  [1m[35mCREATE TABLE "users" ("id" bigserial primary key, "email" character varying DEFAULT '' NOT NULL, "encrypted_password" character varying DEFAULT '' NOT NULL, "created_at" timestamp(6) NOT NULL, "updated_at" timestamp(6) NOT NULL, "role" character varying DEFAULT 'member' NOT NULL) /*application='Library'*/[0m
  [1m[35m (1.0ms)[0m  [1m[35mCREATE UNIQUE INDEX "index_users_on_email" ON "users" ("email") /*application='Library'*/[0m
  [1m[35m (2.2ms)[0m  [1m[35mALTER TABLE "book_genres" ADD CONSTRAINT "fk_rails_4a117802d7"
FOREIGN KEY ("book_id")
  REFERENCES "books" ("id")
 /*application='Library'*/[0m
  [1m[35m (1.3ms)[0m  [1m[35mALTER TABLE "book_genres" ADD CONSTRAINT "fk_rails_ac5841e6a0"
FOREIGN KEY ("genre_id")
  REFERENCES "genres" ("id")
 /*application='Library'*/[0m
  [1m[35m (1.3ms)[0m  [1m[35mALTER TABLE "book_shelves" ADD CONSTRAINT "fk_rails_cc5297610a"
FOREIGN KEY ("book_id")
  REFERENCES "books" ("id")
 /*application='Library'*/[0m
  [1m[35m (1.2ms)[0m  [1m[35mALTER TABLE "book_shelves" ADD CONSTRAINT "fk_rails_12d53ef160"
FOREIGN KEY ("shelf_id")
  REFERENCES "shelves" ("id")
 /*application='Library'*/[0m
  [1m[35m (1.4ms)[0m  [1m[35mALTER TABLE "books" ADD CONSTRAINT "fk_rails_53d51ce16a"
FOREIGN KEY ("author_id")
  REFERENCES "authors" ("id")
 ON DELETE CASCADE /*application='Library'*/[0m
  [1m[35m (1.5ms)[0m  [1m[35mALTER TABLE "ratings" ADD CONSTRAINT "fk_rails_99afded93e"
FOREIGN KEY ("book_id")
  REFERENCES "books" ("id")
 /*application='Library'*/[0m
  [1m[35m (1.4ms)[0m  [1m[35mALTER TABLE "ratings" ADD CONSTRAINT "fk_rails_a7dfeb9f5f"
FOREIGN KEY ("user_id")
  REFERENCES "users" ("id")
 ON DELETE SET NULL /*application='Library'*/[0m
  [1m[35m (1.4ms)[0m  [1m[35mALTER TABLE "shelves" ADD CONSTRAINT "fk_rails_6b65d5b892"
FOREIGN KEY ("user_id")
  REFERENCES "users" ("id")
 ON DELETE CASCADE /*application='Library'*/[0m
  [1m[35m (2.3ms)[0m  [1m[35mCREATE TABLE "schema_migrations" ("version" character varying NOT NULL PRIMARY KEY) /*application='Library'*/[0m
  [1m[36mActiveRecord::SchemaMigration Load (0.6ms)[0m  [1m[34mSELECT "schema_migrations"."version" FROM "schema_migrations" ORDER BY "schema_migrations"."version" ASC /*application='Library'*/[0m
  [1m[35m (0.8ms)[0m  [1m[32mINSERT INTO "schema_migrations" (version) VALUES (20250918070547) /*application='Library'*/[0m
  [1m[35m (0.3ms)[0m  [1m[32mINSERT INTO "schema_migrations" (version) VALUES
(20250903071543); /*application='Library'*/[0m
  [1m[35m (2.8ms)[0m  [1m[35mCREATE TABLE "ar_internal_metadata" ("key" character varying NOT NULL PRIMARY KEY, "value" character varying, "created_at" timestamp(6) NOT NULL, "updated_at" timestamp(6) NOT NULL) /*application='Library'*/[0m
  [1m[36mActiveRecord::InternalMetadata Load (1.4ms)[0m  [1m[34mSELECT * FROM "ar_internal_metadata" WHERE "ar_internal_metadata"."key" = 'environment' ORDER BY "ar_internal_metadata"."key" ASC LIMIT 1 /*application='Library'*/[0m
  [1m[36mActiveRecord::InternalMetadata Create (0.8ms)[0m  [1m[32mINSERT INTO "ar_internal_metadata" ("key", "value", "created_at", "updated_at") VALUES ('environment', 'development', '2026-03-08 14:42:32.808335', '2026-03-08 14:42:32.808336') RETURNING "key" /*application='Library'*/[0m
  [1m[36mActiveRecord::InternalMetadata Load (0.3ms)[0m  [1m[34mSELECT * FROM "ar_internal_metadata" WHERE "ar_internal_metadata"."key" = 'environment' ORDER BY "ar_internal_metadata"."key" ASC LIMIT 1 /*application='Library'*/[0m
  [1m[36mActiveRecord::InternalMetadata Load (0.3ms)[0m  [1m[34mSELECT * FROM "ar_internal_metadata" WHERE "ar_internal_metadata"."key" = 'schema_sha1' ORDER BY "ar_internal_metadata"."key" ASC LIMIT 1 /*application='Library'*/[0m
  [1m[36mActiveRecord::InternalMetadata Create (0.5ms)[0m  [1m[32mINSERT INTO "ar_internal_metadata" ("key", "value", "created_at", "updated_at") VALUES ('schema_sha1', '51f9cf45a8b1b208d7968e26b405a04230e0ab3a', '2026-03-08 14:42:32.812033', '2026-03-08 14:42:32.812033') RETURNING "key" /*application='Library'*/[0m
  [1m[35m (0.2ms)[0m  [1m[34mSELECT pg_try_advisory_lock(6643483464595264770) /*application='Library'*/[0m
  [1m[36mActiveRecord::SchemaMigration Load (0.3ms)[0m  [1m[34mSELECT "schema_migrations"."version" FROM "schema_migrations" ORDER BY "schema_migrations"."version" ASC /*application='Library'*/[0m
  [1m[36mActiveRecord::InternalMetadata Load (0.3ms)[0m  [1m[34mSELECT * FROM "ar_internal_metadata" WHERE "ar_internal_metadata"."key" = 'environment' ORDER BY "ar_internal_metadata"."key" ASC LIMIT 1 /*application='Library'*/[0m
  [1m[35m (0.2ms)[0m  [1m[34mSELECT pg_advisory_unlock(6643483464595264770) /*application='Library'*/[0m
  [1m[36mActiveRecord::SchemaMigration Load (0.2ms)[0m  [1m[34mSELECT "schema_migrations"."version" FROM "schema_migrations" ORDER BY "schema_migrations"."version" ASC /*application='Library'*/[0m
[dotenv] Set [36mSECRET_KEY_BASE[0m, [36mDATABASE_HOST[0m, [36mDATABASE_PORT[0m, [36mDATABASE_NAME[0m, [36mDATABASE_USERNAME[0m, [36mDATABASE_PASSWORD[0m, [36mBUGSNAG_API_KEY[0m, [36mFLIPPER_USERNAME[0m, and [36mFLIPPER_PASSWORD[0m
[dotenv] Loaded [33m.env[0m
No valid API key has been set, notifications will not be sent
Started GET "/" for ::1 at 2026-03-08 15:42:39 +0100
  [1m[36mActiveRecord::SchemaMigration Load (1.1ms)[0m  [1m[34mSELECT "schema_migrations"."version" FROM "schema_migrations" ORDER BY "schema_migrations"."version" ASC /*application='Library'*/[0m
Processing by Rails::WelcomeController#index as HTML
  Rendering /Users/lorenajakic/.local/share/mise/installs/ruby/3.4.5/lib/ruby/gems/3.4.0/gems/railties-8.0.2.1/lib/rails/templates/rails/welcome/index.html.erb
  Rendered /Users/lorenajakic/.local/share/mise/installs/ruby/3.4.5/lib/ruby/gems/3.4.0/gems/railties-8.0.2.1/lib/rails/templates/rails/welcome/index.html.erb (Duration: 0.3ms | GC: 0.0ms)
Completed 200 OK in 89ms (Views: 3.6ms | ActiveRecord: 0.0ms (0 queries, 0 cached) | GC: 20.4ms)


